0 verbose cli D:\Node js\node.exe D:\Node js\node_modules\npm\bin\npm-cli.js
1 info using npm@10.9.2
2 info using node@v22.13.0
3 silly config load:file:D:\Node js\node_modules\npm\npmrc
4 silly config load:file:D:\Project 2025\arknights calculator\main\backend\.npmrc
5 silly config load:file:C:\Users\XuZeyuStu\.npmrc
6 silly config load:file:D:\Node js\node_global\etc\npmrc
7 verbose title npm install compression
8 verbose argv "install" "compression" "--cache" "d:/Project 2025/arknights calculator/main/backend/.npm-cache"
9 verbose logfile logs-max:10 dir:d:\Project 2025\arknights calculator\main\backend\.npm-cache\_logs\2026-04-06T08_09_02_094Z-
10 verbose logfile d:\Project 2025\arknights calculator\main\backend\.npm-cache\_logs\2026-04-06T08_09_02_094Z-debug-0.log
11 silly logfile done cleaning log files
12 silly packumentCache heap:4345298944 maxSize:1086324736 maxEntrySize:543162368
13 silly idealTree buildDeps
14 silly fetch manifest compression@*
15 silly packumentCache full:https://registry.npmmirror.com/compression cache-miss
16 http fetch GET 200 https://registry.npmmirror.com/compression 212ms (cache miss)
17 silly packumentCache full:https://registry.npmmirror.com/compression set size:17815 disposed:false
18 silly placeDep ROOT compression@1.8.1 OK for: backend@1.0.0 want: *
19 silly fetch manifest compressible@~2.0.18
20 silly packumentCache full:https://registry.npmmirror.com/compressible cache-miss
21 silly fetch manifest negotiator@~0.6.4
22 silly packumentCache full:https://registry.npmmirror.com/negotiator cache-miss
23 silly fetch manifest on-headers@~1.1.0
24 silly packumentCache full:https://registry.npmmirror.com/on-headers cache-miss
25 http fetch GET 200 https://registry.npmmirror.com/npm 281ms
26 http fetch GET 200 https://registry.npmmirror.com/compressible 63ms (cache miss)
27 silly packumentCache full:https://registry.npmmirror.com/compressible set size:9671 disposed:false
28 http fetch GET 200 https://registry.npmmirror.com/on-headers 122ms (cache miss)
29 silly packumentCache full:https://registry.npmmirror.com/on-headers set size:3855 disposed:false
30 http fetch GET 200 https://registry.npmmirror.com/negotiator 132ms (cache miss)
31 silly packumentCache full:https://registry.npmmirror.com/negotiator set size:10810 disposed:false
32 silly placeDep ROOT compressible@2.0.18 OK for: compression@1.8.1 want: ~2.0.18
33 silly placeDep node_modules/compression negotiator@0.6.4 OK for: compression@1.8.1 want: ~0.6.4
34 silly placeDep ROOT on-headers@1.1.0 OK for: compression@1.8.1 want: ~1.1.0
35 silly reify moves {}
36 silly audit bulk request {
36 silly audit   '@pinojs/redact': [ '0.4.0' ],
36 silly audit   accepts: [ '1.3.8' ],
36 silly audit   'array-flatten': [ '1.1.1' ],
36 silly audit   'atomic-sleep': [ '1.0.0' ],
36 silly audit   'body-parser': [ '1.20.3' ],
36 silly audit   bytes: [ '3.1.2' ],
36 silly audit   'call-bind-apply-helpers': [ '1.0.2' ],
36 silly audit   'call-bound': [ '1.0.4' ],
36 silly audit   clone: [ '2.1.2' ],
36 silly audit   colorette: [ '2.0.20' ],
36 silly audit   'content-disposition': [ '0.5.4' ],
36 silly audit   'content-type': [ '1.0.5' ],
36 silly audit   cookie: [ '0.7.1' ],
36 silly audit   'cookie-signature': [ '1.0.6' ],
36 silly audit   cors: [ '2.8.5' ],
36 silly audit   dateformat: [ '4.6.3' ],
36 silly audit   debug: [ '2.6.9' ],
36 silly audit   depd: [ '2.0.0' ],
36 silly audit   destroy: [ '1.2.0' ],
36 silly audit   dotenv: [ '16.6.1' ],
36 silly audit   'dunder-proto': [ '1.0.1' ],
36 silly audit   'ee-first': [ '1.1.1' ],
36 silly audit   encodeurl: [ '2.0.0', '1.0.2' ],
36 silly audit   'end-of-stream': [ '1.4.5' ],
36 silly audit   'es-define-property': [ '1.0.1' ],
36 silly audit   'es-errors': [ '1.3.0' ],
36 silly audit   'es-object-atoms': [ '1.1.1' ],
36 silly audit   'escape-html': [ '1.0.3' ],
36 silly audit   etag: [ '1.8.1' ],
36 silly audit   express: [ '4.21.2' ],
36 silly audit   'express-rate-limit': [ '7.5.1' ],
36 silly audit   'fast-copy': [ '4.0.2' ],
36 silly audit   'fast-safe-stringify': [ '2.1.1' ],
36 silly audit   finalhandler: [ '1.3.1' ],
36 silly audit   forwarded: [ '0.2.0' ],
36 silly audit   fresh: [ '0.5.2' ],
36 silly audit   'function-bind': [ '1.1.2' ],
36 silly audit   'get-intrinsic': [ '1.3.0' ],
36 silly audit   'get-proto': [ '1.0.1' ],
36 silly audit   gopd: [ '1.2.0' ],
36 silly audit   'has-symbols': [ '1.1.0' ],
36 silly audit   hasown: [ '2.0.2' ],
36 silly audit   helmet: [ '8.1.0' ],
36 silly audit   'help-me': [ '5.0.0' ],
36 silly audit   'http-errors': [ '2.0.0' ],
36 silly audit   'iconv-lite': [ '0.4.24' ],
36 silly audit   inherits: [ '2.0.4' ],
36 silly audit   'ipaddr.js': [ '1.9.1' ],
36 silly audit   joycon: [ '3.1.1' ],
36 silly audit   'math-intrinsics': [ '1.1.0' ],
36 silly audit   'media-typer': [ '0.3.0' ],
36 silly audit   'merge-descriptors': [ '1.0.3' ],
36 silly audit   methods: [ '1.1.2' ],
36 silly audit   mime: [ '1.6.0' ],
36 silly audit   'mime-db': [ '1.52.0' ],
36 silly audit   'mime-types': [ '2.1.35' ],
36 silly audit   minimist: [ '1.2.8' ],
36 silly audit   ms: [ '2.0.0', '2.1.3' ],
36 silly audit   negotiator: [ '0.6.3', '0.6.4' ],
36 silly audit   'node-cache': [ '5.1.2' ],
36 silly audit   'object-assign': [ '4.1.1' ],
36 silly audit   'object-inspect': [ '1.13.4' ],
36 silly audit   'on-exit-leak-free': [ '2.1.2' ],
36 silly audit   'on-finished': [ '2.4.1' ],
36 silly audit   once: [ '1.4.0' ],
36 silly audit   parseurl: [ '1.3.3' ],
36 silly audit   'path-to-regexp': [ '0.1.12' ],
36 silly audit   pino: [ '10.3.1' ],
36 silly audit   'pino-abstract-transport': [ '3.0.0' ],
36 silly audit   'pino-pretty': [ '13.1.3' ],
36 silly audit   'pino-std-serializers': [ '7.1.0' ],
36 silly audit   'process-warning': [ '5.0.0' ],
36 silly audit   'proxy-addr': [ '2.0.7' ],
36 silly audit   pump: [ '3.0.3' ],
36 silly audit   qs: [ '6.13.0' ],
36 silly audit   'quick-format-unescaped': [ '4.0.4' ],
36 silly audit   'range-parser': [ '1.2.1' ],
36 silly audit   'raw-body': [ '2.5.2' ],
36 silly audit   'real-require': [ '0.2.0' ],
36 silly audit   'safe-buffer': [ '5.2.1' ],
36 silly audit   'safe-stable-stringify': [ '2.5.0' ],
36 silly audit   'safer-buffer': [ '2.1.2' ],
36 silly audit   'secure-json-parse': [ '4.1.0' ],
36 silly audit   send: [ '0.19.0' ],
36 silly audit   'serve-static': [ '1.16.2' ],
36 silly audit   setprototypeof: [ '1.2.0' ],
36 silly audit   'side-channel': [ '1.1.0' ],
36 silly audit   'side-channel-list': [ '1.0.0' ],
36 silly audit   'side-channel-map': [ '1.0.1' ],
36 silly audit   'side-channel-weakmap': [ '1.0.2' ],
36 silly audit   'sonic-boom': [ '4.2.1' ],
36 silly audit   split2: [ '4.2.0' ],
36 silly audit   statuses: [ '2.0.1' ],
36 silly audit   'strip-json-comments': [ '5.0.3' ],
36 silly audit   'thread-stream': [ '4.0.0' ],
36 silly audit   toidentifier: [ '1.0.1' ],
36 silly audit   'type-is': [ '1.6.18' ],
36 silly audit   unpipe: [ '1.0.0' ],
36 silly audit   'utils-merge': [ '1.0.1' ],
36 silly audit   vary: [ '1.1.2' ],
36 silly audit   wrappy: [ '1.0.2' ],
36 silly audit   compression: [ '1.8.1' ],
36 silly audit   compressible: [ '2.0.18' ],
36 silly audit   'on-headers': [ '1.1.0' ]
36 silly audit }
37 http cache on-headers@https://registry.npmmirror.com/on-headers/-/on-headers-1.1.0.tgz 0ms (cache hit)
38 http cache negotiator@https://registry.npmmirror.com/negotiator/-/negotiator-0.6.4.tgz 0ms (cache hit)
39 http cache compression@https://registry.npmmirror.com/compression/-/compression-1.8.1.tgz 0ms (cache hit)
40 http cache compressible@https://registry.npmmirror.com/compressible/-/compressible-2.0.18.tgz 0ms (cache hit)
41 silly tarball no local data for on-headers@https://registry.npmmirror.com/on-headers/-/on-headers-1.1.0.tgz. Extracting by manifest.
42 silly tarball no local data for negotiator@https://registry.npmmirror.com/negotiator/-/negotiator-0.6.4.tgz. Extracting by manifest.
43 silly tarball no local data for compression@https://registry.npmmirror.com/compression/-/compression-1.8.1.tgz. Extracting by manifest.
44 silly tarball no local data for compressible@https://registry.npmmirror.com/compressible/-/compressible-2.0.18.tgz. Extracting by manifest.
45 http fetch POST 404 https://registry.npmmirror.com/-/npm/v1/security/advisories/bulk 34ms
46 silly audit bulk request failed [object Object]
47 http fetch POST 404 https://registry.npmmirror.com/-/npm/v1/security/audits/quick 32ms
48 verbose audit error HttpErrorGeneral: 404 Not Found - POST https://registry.npmmirror.com/-/npm/v1/security/audits/quick - [NOT_IMPLEMENTED] /-/npm/v1/security/* not implemented yet
48 verbose audit error     at D:\Node js\node_modules\npm\node_modules\npm-registry-fetch\lib\check-response.js:103:15
48 verbose audit error     at process.processTicksAndRejections (node:internal/process/task_queues:105:5)
48 verbose audit error     at async [getReport] (D:\Node js\node_modules\npm\node_modules\@npmcli\arborist\lib\audit-report.js:336:21)
48 verbose audit error     at async AuditReport.run (D:\Node js\node_modules\npm\node_modules\@npmcli\arborist\lib\audit-report.js:106:19) {
48 verbose audit error   headers: [Object: null prototype] {
48 verbose audit error     server: [ 'Tengine' ],
48 verbose audit error     date: [ 'Mon, 06 Apr 2026 08:09:02 GMT' ],
48 verbose audit error     'content-type': [ 'application/json' ],
48 verbose audit error     'transfer-encoding': [ 'chunked' ],
48 verbose audit error     connection: [ 'keep-alive' ],
48 verbose audit error     'strict-transport-security': [ 'max-age=5184000' ],
48 verbose audit error     via: [ 'kunlun6.cn496[,404666]' ],
48 verbose audit error     'timing-allow-origin': [ '*' ],
48 verbose audit error     eagleid: [ '6f20822417754629429734926e' ],
48 verbose audit error     'x-fetch-attempts': [ '1' ]
48 verbose audit error   },
48 verbose audit error   statusCode: 404,
48 verbose audit error   code: 'E404',
48 verbose audit error   method: 'POST',
48 verbose audit error   uri: 'https://registry.npmmirror.com/-/npm/v1/security/audits/quick',
48 verbose audit error   body: {
48 verbose audit error     error: '[NOT_IMPLEMENTED] /-/npm/v1/security/* not implemented yet'
48 verbose audit error   },
48 verbose audit error   pkgid: undefined
48 verbose audit error }
49 silly audit error [object Object]
50 silly audit report null
51 http fetch GET 200 https://cdn.npmmirror.com/packages/compressible/2.0.18/compressible-2.0.18.tgz 222ms (cache miss)
52 http fetch GET 200 https://cdn.npmmirror.com/packages/on-headers/1.1.0/on-headers-1.1.0.tgz 238ms (cache miss)
53 http fetch GET 200 https://cdn.npmmirror.com/packages/negotiator/0.6.4/negotiator-0.6.4.tgz 267ms (cache miss)
54 http fetch GET 200 https://cdn.npmmirror.com/packages/compression/1.8.1/compression-1.8.1.tgz 291ms (cache miss)
55 silly ADD node_modules/on-headers
56 silly ADD node_modules/compressible
57 silly ADD node_modules/compression
58 silly ADD node_modules/compression/node_modules/negotiator
59 verbose cwd D:\Project 2025\arknights calculator\main\backend
60 verbose os Windows_NT 10.0.22631
61 verbose node v22.13.0
62 verbose npm  v10.9.2
63 notice
63 notice New major version of npm available! 10.9.2 -> 11.12.1
63 notice Changelog: https://github.com/npm/cli/releases/tag/v11.12.1
63 notice To update run: npm install -g npm@11.12.1
63 notice  { force: true, [Symbol(proc-log.meta)]: true }
64 verbose exit 0
65 info ok
